2024-07-23 11:32:12,751 - INFO - Started running the training script...
2024-07-23 11:32:12,752 - INFO - Loaded hyperparameters: {'n_epochs': 200, 'batch_size': 32, 'lr': 0.001, 'weight_decay': 1e-06, 'patience': 30, 'alpha': 0, 'random_df_creation_setting': 2, 'T_weighting': 2, 'image_dimension': (256, 256), 'augmentation_factor': 5, 'modality_mixing': False, 'lr_scheduler': True}
2024-07-23 11:34:42,896 - INFO - Initial Mean: [116.66983032226562, 116.45931243896484], and std [79.48772430419922, 78.76548767089844]
2024-07-23 11:34:42,899 - INFO - Loaded dataset with 13820 training samples, 1727 validation samples, and 1728 test samples
2024-07-23 11:34:52,926 - INFO - Mean: [0.0028360725846141577, -0.0019180879462510347], and std [1.0034257173538208, 0.9964728355407715] after normalizing
2024-07-23 11:34:58,961 - INFO - Loaded model with 8425122 parameters
2024-07-23 11:34:58,977 - INFO - Moved model to device cuda
2024-07-23 11:34:58,978 - INFO - No existing weights loaded
2024-07-23 11:34:58,982 - INFO - Initialized optimizer with learning rate 0.001 and weight decay 1e-06 and plateau lr_scheduler
2024-07-23 11:34:58,982 - INFO - Started training the model for 200 epochs...
2024-07-23 11:50:32,292 - INFO - Training Loss (Epoch 1/200): 0.00701434
2024-07-23 11:52:21,211 - INFO - Validation Loss (Epoch 1/200): 0.00312255
2024-07-23 11:52:22,177 - INFO - Model saved at epoch 1 with validation loss 0.00312255
2024-07-23 11:52:26,918 - INFO - Checkpoint saved at epoch 1
2024-07-23 12:08:44,124 - INFO - Training Loss (Epoch 2/200): 0.00269005
2024-07-23 12:09:54,602 - INFO - Validation Loss (Epoch 2/200): 0.00230071
2024-07-23 12:09:54,993 - INFO - Model saved at epoch 2 with validation loss 0.00230071
2024-07-23 12:09:56,135 - INFO - Checkpoint saved at epoch 2
2024-07-23 12:26:20,686 - INFO - Training Loss (Epoch 3/200): 0.00222186
2024-07-23 12:27:50,590 - INFO - Validation Loss (Epoch 3/200): 0.00201999
2024-07-23 12:27:51,038 - INFO - Model saved at epoch 3 with validation loss 0.00201999
2024-07-23 12:27:52,613 - INFO - Checkpoint saved at epoch 3
2024-07-23 13:08:00,394 - INFO - Training Loss (Epoch 4/200): 0.00188404
2024-07-23 13:12:53,388 - INFO - Validation Loss (Epoch 4/200): 0.00168462
2024-07-23 13:12:55,143 - INFO - Model saved at epoch 4 with validation loss 0.00168462
2024-07-23 13:12:58,765 - INFO - Checkpoint saved at epoch 4
2024-07-23 13:42:07,012 - INFO - Started running the training script...
2024-07-23 13:42:07,012 - INFO - Loaded hyperparameters: {'n_epochs': 200, 'batch_size': 32, 'lr': 0.001, 'weight_decay': 1e-06, 'patience': 30, 'alpha': 0, 'random_df_creation_setting': 2, 'T_weighting': 2, 'image_dimension': (256, 256), 'augmentation_factor': 5, 'modality_mixing': False, 'lr_scheduler': True}
2024-07-23 14:01:35,058 - INFO - Initial Mean: [116.66983795166016, 116.52549743652344], and std [79.48772430419922, 78.78881072998047]
2024-07-23 14:01:35,113 - INFO - Loaded dataset with 13820 training samples, 1727 validation samples, and 1728 test samples
2024-07-23 14:02:21,596 - INFO - Mean: [-0.009815710596740246, -0.012229726649820805], and std [0.9800273180007935, 0.9738020300865173] after normalizing
2024-07-23 14:02:27,669 - INFO - Loaded model with 8425122 parameters
2024-07-23 14:02:27,874 - INFO - Moved model to device cuda
2024-07-23 14:02:28,038 - INFO - Loaded existing weights from previous experiment
2024-07-23 14:02:28,277 - INFO - Initialized optimizer with learning rate 0.001 and weight decay 1e-06 and plateau lr_scheduler
2024-07-23 14:02:28,277 - INFO - Started training the model for 200 epochs...
2024-07-23 14:02:28,616 - INFO - Resuming training from epoch 4
2024-07-23 15:02:22,680 - INFO - Training Loss (Epoch 1/200): 0.00102069
2024-07-23 15:07:25,106 - INFO - Validation Loss (Epoch 1/200): 0.00070397
2024-07-23 15:07:26,828 - INFO - Model saved at epoch 1 with validation loss 0.00070397
2024-07-23 15:07:30,405 - INFO - Checkpoint saved at epoch 1
2024-07-23 15:58:13,754 - INFO - Training Loss (Epoch 2/200): 0.00074389
2024-07-23 16:03:21,528 - INFO - Validation Loss (Epoch 2/200): 0.00083219
2024-07-23 16:03:21,530 - INFO - No improvement in validation loss since epoch 1
2024-07-23 16:03:22,646 - INFO - Checkpoint saved at epoch 2
2024-07-23 17:00:08,099 - INFO - Training Loss (Epoch 3/200): 0.00062394
2024-07-23 17:04:46,633 - INFO - Validation Loss (Epoch 3/200): 0.00062502
2024-07-23 17:04:47,917 - INFO - Model saved at epoch 3 with validation loss 0.00062502
2024-07-23 17:04:54,422 - INFO - Checkpoint saved at epoch 3
2024-07-23 17:56:01,153 - INFO - Training Loss (Epoch 4/200): 0.00053716
2024-07-23 18:00:46,531 - INFO - Validation Loss (Epoch 4/200): 0.00042334
2024-07-23 18:00:46,924 - INFO - Model saved at epoch 4 with validation loss 0.00042334
2024-07-23 18:00:48,037 - INFO - Checkpoint saved at epoch 4
2024-07-23 18:54:01,930 - INFO - Training Loss (Epoch 5/200): 0.00049892
2024-07-23 18:59:40,565 - INFO - Validation Loss (Epoch 5/200): 0.00058081
2024-07-23 18:59:40,584 - INFO - No improvement in validation loss since epoch 4
2024-07-23 18:59:41,706 - INFO - Checkpoint saved at epoch 5
2024-07-23 19:49:03,054 - INFO - Training Loss (Epoch 6/200): 0.00054396
2024-07-23 19:53:37,035 - INFO - Validation Loss (Epoch 6/200): 0.00040756
2024-07-23 19:53:37,414 - INFO - Model saved at epoch 6 with validation loss 0.00040756
2024-07-23 19:53:38,540 - INFO - Checkpoint saved at epoch 6
2024-07-23 20:42:39,194 - INFO - Training Loss (Epoch 7/200): 0.00040503
2024-07-23 20:47:16,867 - INFO - Validation Loss (Epoch 7/200): 0.00033730
2024-07-23 20:47:17,247 - INFO - Model saved at epoch 7 with validation loss 0.00033730
2024-07-23 20:47:18,363 - INFO - Checkpoint saved at epoch 7
2024-07-23 23:07:52,425 - INFO - Started running the training script...
2024-07-23 23:07:52,425 - INFO - Loaded hyperparameters: {'n_epochs': 200, 'batch_size': 32, 'lr': 0.001, 'weight_decay': 1e-06, 'patience': 30, 'alpha': 0, 'random_df_creation_setting': 2, 'T_weighting': 2, 'image_dimension': (256, 256), 'augmentation_factor': 5, 'modality_mixing': False, 'lr_scheduler': True}
2024-07-23 23:11:49,120 - INFO - Initial Mean: [116.66986846923828, 116.39320373535156], and std [79.48773193359375, 78.8231201171875]
2024-07-23 23:11:49,121 - INFO - Loaded dataset with 13820 training samples, 1727 validation samples, and 1728 test samples
2024-07-23 23:11:59,640 - INFO - Mean: [0.046034425497055054, 0.043871186673641205], and std [0.9826713800430298, 0.9745395183563232] after normalizing
2024-07-23 23:12:06,820 - INFO - Loaded model with 8425122 parameters
2024-07-23 23:12:06,836 - INFO - Moved model to device cuda
2024-07-23 23:12:07,631 - INFO - Loaded existing weights from previous experiment
2024-07-23 23:12:07,637 - INFO - Initialized optimizer with learning rate 0.001 and weight decay 1e-06 and plateau lr_scheduler
2024-07-23 23:12:07,637 - INFO - Started training the model for 200 epochs...
2024-07-23 23:12:09,831 - INFO - Resuming training from epoch 7
2024-07-24 01:36:37,270 - INFO - Started running the training script...
2024-07-24 01:36:37,270 - INFO - Loaded hyperparameters: {'n_epochs': 200, 'batch_size': 32, 'lr': 0.001, 'weight_decay': 1e-06, 'patience': 30, 'alpha': 0, 'random_df_creation_setting': 2, 'T_weighting': 2, 'image_dimension': (256, 256), 'augmentation_factor': 5, 'modality_mixing': False, 'lr_scheduler': True}
2024-07-24 01:45:45,746 - INFO - Initial Mean: [116.66988372802734, 116.46788787841797], and std [79.48772430419922, 78.8068618774414]
2024-07-24 01:45:45,758 - INFO - Loaded dataset with 13820 training samples, 1727 validation samples, and 1728 test samples
2024-07-24 04:41:18,493 - INFO - Started running the training script...
2024-07-24 04:41:18,493 - INFO - Loaded hyperparameters: {'n_epochs': 200, 'batch_size': 32, 'lr': 0.001, 'weight_decay': 1e-06, 'patience': 30, 'alpha': 0, 'random_df_creation_setting': 2, 'T_weighting': 2, 'image_dimension': (256, 256), 'augmentation_factor': 5, 'modality_mixing': False, 'lr_scheduler': True}
2024-07-24 04:43:54,752 - INFO - Initial Mean: [116.66983795166016, 116.46577453613281], and std [79.48771667480469, 78.79786682128906]
2024-07-24 04:43:54,754 - INFO - Loaded dataset with 13820 training samples, 1727 validation samples, and 1728 test samples
2024-07-24 04:44:06,204 - INFO - Mean: [-0.005157364998012781, -0.006770142819732428], and std [0.9967358112335205, 0.9898319244384766] after normalizing
2024-07-24 04:44:11,906 - INFO - Loaded model with 8425122 parameters
2024-07-24 04:44:11,922 - INFO - Moved model to device cuda
2024-07-24 04:44:11,981 - INFO - Loaded existing weights from previous experiment
2024-07-24 04:44:11,984 - INFO - Initialized optimizer with learning rate 0.001 and weight decay 1e-06 and plateau lr_scheduler
2024-07-24 04:44:11,984 - INFO - Started training the model for 200 epochs...
2024-07-24 04:44:12,142 - INFO - Resuming training from epoch 7
2024-07-24 04:58:54,111 - INFO - Training Loss (Epoch 1/200): 0.00041224
2024-07-24 05:00:23,760 - INFO - Validation Loss (Epoch 1/200): 0.00036945
2024-07-24 05:00:24,128 - INFO - Model saved at epoch 1 with validation loss 0.00036945
2024-07-24 05:00:25,265 - INFO - Checkpoint saved at epoch 1
2024-07-24 05:13:02,872 - INFO - Training Loss (Epoch 2/200): 0.00038940
2024-07-24 05:14:51,850 - INFO - Validation Loss (Epoch 2/200): 0.00036652
2024-07-24 05:14:52,238 - INFO - Model saved at epoch 2 with validation loss 0.00036652
2024-07-24 05:14:53,404 - INFO - Checkpoint saved at epoch 2
2024-07-24 05:29:55,797 - INFO - Training Loss (Epoch 3/200): 0.00040904
2024-07-24 05:30:55,790 - INFO - Validation Loss (Epoch 3/200): 0.00040756
2024-07-24 05:30:55,807 - INFO - No improvement in validation loss since epoch 2
2024-07-24 05:30:56,911 - INFO - Checkpoint saved at epoch 3
2024-07-24 05:44:12,349 - INFO - Training Loss (Epoch 4/200): 0.00034650
2024-07-24 05:45:08,747 - INFO - Validation Loss (Epoch 4/200): 0.00030151
2024-07-24 05:45:09,134 - INFO - Model saved at epoch 4 with validation loss 0.00030151
2024-07-24 05:45:10,243 - INFO - Checkpoint saved at epoch 4
2024-07-24 05:59:20,038 - INFO - Training Loss (Epoch 5/200): 0.00037993
2024-07-24 06:01:10,983 - INFO - Validation Loss (Epoch 5/200): 0.00038430
2024-07-24 06:01:11,003 - INFO - No improvement in validation loss since epoch 4
2024-07-24 06:01:12,101 - INFO - Checkpoint saved at epoch 5
2024-07-24 06:12:38,542 - INFO - Training Loss (Epoch 6/200): 0.00036836
2024-07-24 06:13:35,216 - INFO - Validation Loss (Epoch 6/200): 0.00032421
2024-07-24 06:13:35,231 - INFO - No improvement in validation loss since epoch 4
2024-07-24 06:13:36,347 - INFO - Checkpoint saved at epoch 6
2024-07-24 06:24:50,541 - INFO - Training Loss (Epoch 7/200): 0.00032710
2024-07-24 06:25:55,096 - INFO - Validation Loss (Epoch 7/200): 0.00026087
2024-07-24 06:25:55,475 - INFO - Model saved at epoch 7 with validation loss 0.00026087
2024-07-24 06:25:56,614 - INFO - Checkpoint saved at epoch 7
2024-07-24 06:36:36,884 - INFO - Training Loss (Epoch 8/200): 162.82997961
2024-07-24 06:37:35,818 - INFO - Validation Loss (Epoch 8/200): 0.05744540
2024-07-24 06:37:35,856 - INFO - No improvement in validation loss since epoch 7
2024-07-24 06:37:36,981 - INFO - Checkpoint saved at epoch 8
2024-07-24 06:48:01,493 - INFO - Training Loss (Epoch 9/200): 0.03541590
2024-07-24 06:49:03,270 - INFO - Validation Loss (Epoch 9/200): 0.02355360
2024-07-24 06:49:03,282 - INFO - No improvement in validation loss since epoch 7
2024-07-24 06:49:04,389 - INFO - Checkpoint saved at epoch 9
2024-07-24 07:01:01,610 - INFO - Training Loss (Epoch 10/200): 0.01865162
2024-07-24 07:02:08,255 - INFO - Validation Loss (Epoch 10/200): 0.01488977
2024-07-24 07:02:08,272 - INFO - No improvement in validation loss since epoch 7
2024-07-24 07:02:09,388 - INFO - Checkpoint saved at epoch 10
2024-07-24 07:14:23,269 - INFO - Training Loss (Epoch 11/200): 0.01243768
2024-07-24 07:15:42,637 - INFO - Validation Loss (Epoch 11/200): 0.01053077
2024-07-24 07:15:42,658 - INFO - No improvement in validation loss since epoch 7
2024-07-24 07:15:43,757 - INFO - Checkpoint saved at epoch 11
2024-07-24 07:27:34,624 - INFO - Training Loss (Epoch 12/200): 0.00935730
2024-07-24 07:28:40,953 - INFO - Validation Loss (Epoch 12/200): 0.00831034
2024-07-24 07:28:40,969 - INFO - No improvement in validation loss since epoch 7
2024-07-24 07:28:42,076 - INFO - Checkpoint saved at epoch 12
2024-07-24 07:41:17,261 - INFO - Training Loss (Epoch 13/200): 0.00764571
2024-07-24 07:42:30,240 - INFO - Validation Loss (Epoch 13/200): 0.00700163
2024-07-24 07:42:30,258 - INFO - No improvement in validation loss since epoch 7
2024-07-24 07:42:31,274 - INFO - Checkpoint saved at epoch 13
2024-07-24 07:54:18,239 - INFO - Training Loss (Epoch 14/200): 0.00631048
2024-07-24 07:55:35,003 - INFO - Validation Loss (Epoch 14/200): 0.00562208
2024-07-24 07:55:35,011 - INFO - No improvement in validation loss since epoch 7
2024-07-24 07:55:36,107 - INFO - Checkpoint saved at epoch 14
2024-07-24 08:06:57,980 - INFO - Training Loss (Epoch 15/200): 0.00527205
2024-07-24 08:08:05,742 - INFO - Validation Loss (Epoch 15/200): 0.00497824
2024-07-24 08:08:05,764 - INFO - No improvement in validation loss since epoch 7
2024-07-24 08:08:06,927 - INFO - Checkpoint saved at epoch 15
2024-07-24 08:23:17,452 - INFO - Training Loss (Epoch 16/200): 0.00484072
2024-07-24 08:24:23,865 - INFO - Validation Loss (Epoch 16/200): 0.00473251
2024-07-24 08:24:23,886 - INFO - No improvement in validation loss since epoch 7
2024-07-24 08:24:24,991 - INFO - Checkpoint saved at epoch 16
2024-07-24 08:37:13,543 - INFO - Training Loss (Epoch 17/200): 0.00454268
2024-07-24 08:38:15,592 - INFO - Validation Loss (Epoch 17/200): 0.00450855
2024-07-24 08:38:15,604 - INFO - No improvement in validation loss since epoch 7
2024-07-24 08:38:16,717 - INFO - Checkpoint saved at epoch 17
2024-07-24 08:50:21,700 - INFO - Training Loss (Epoch 18/200): 0.00432785
2024-07-24 08:51:23,428 - INFO - Validation Loss (Epoch 18/200): 0.00422357
2024-07-24 08:51:23,441 - INFO - No improvement in validation loss since epoch 7
2024-07-24 08:51:24,555 - INFO - Checkpoint saved at epoch 18
