2024-07-22 11:02:28,282 - INFO - Started running the training script...
2024-07-22 11:02:28,282 - INFO - Loaded hyperparameters: {'n_epochs': 200, 'batch_size': 32, 'lr': 0.001, 'weight_decay': 1e-06, 'patience': 30, 'alpha': 0, 'random_df_creation_setting': 2, 'T_weighting': 2, 'image_dimension': (256, 256), 'augmentation_factor': 5, 'modality_mixing': False, 'lr_scheduler': True}
2024-07-22 11:05:54,174 - INFO - Initial Mean: [116.66986083984375, 116.53763580322266], and std [79.48771667480469, 78.8496322631836]
2024-07-22 11:05:54,176 - INFO - Loaded dataset with 13820 training samples, 1727 validation samples, and 1728 test samples
2024-07-22 11:06:05,846 - INFO - Mean: [0.021102985367178917, 0.021186666563153267], and std [0.9927468299865723, 0.9835737943649292] after normalizing
2024-07-22 11:06:11,558 - INFO - Loaded model with 8425122 parameters
2024-07-22 11:06:11,573 - INFO - Moved model to device cuda
2024-07-22 11:06:11,573 - INFO - No existing weights loaded
2024-07-22 11:06:11,577 - INFO - Initialized optimizer with learning rate 0.001 and weight decay 1e-06 and plateau lr_scheduler
2024-07-22 11:06:11,577 - INFO - Started training the model for 200 epochs...
2024-07-22 11:27:48,694 - INFO - Training Loss (Epoch 1/200): 0.00741028
2024-07-22 11:29:14,595 - INFO - Validation Loss (Epoch 1/200): 0.00368071
2024-07-22 11:29:14,970 - INFO - Model saved at epoch 1 with validation loss 0.00368071
2024-07-22 11:29:16,168 - INFO - Checkpoint saved at epoch 1
2024-07-22 11:51:21,268 - INFO - Training Loss (Epoch 2/200): 0.00291479
2024-07-22 11:52:54,852 - INFO - Validation Loss (Epoch 2/200): 0.00220293
2024-07-22 11:52:55,224 - INFO - Model saved at epoch 2 with validation loss 0.00220293
2024-07-22 11:52:56,358 - INFO - Checkpoint saved at epoch 2
2024-07-22 12:12:28,351 - INFO - Training Loss (Epoch 3/200): 0.00227327
2024-07-22 12:14:06,386 - INFO - Validation Loss (Epoch 3/200): 0.00199470
2024-07-22 12:14:06,778 - INFO - Model saved at epoch 3 with validation loss 0.00199470
2024-07-22 12:14:07,926 - INFO - Checkpoint saved at epoch 3
2024-07-22 12:34:31,376 - INFO - Training Loss (Epoch 4/200): 0.00147463
2024-07-22 12:36:05,427 - INFO - Validation Loss (Epoch 4/200): 0.00111657
2024-07-22 12:36:05,830 - INFO - Model saved at epoch 4 with validation loss 0.00111657
2024-07-22 12:36:06,982 - INFO - Checkpoint saved at epoch 4
2024-07-22 12:58:23,616 - INFO - Training Loss (Epoch 5/200): 0.00093073
2024-07-22 13:00:00,436 - INFO - Validation Loss (Epoch 5/200): 0.00066911
2024-07-22 13:00:00,806 - INFO - Model saved at epoch 5 with validation loss 0.00066911
2024-07-22 13:00:02,814 - INFO - Checkpoint saved at epoch 5
2024-07-22 13:17:23,078 - INFO - Training Loss (Epoch 6/200): 0.00060522
2024-07-22 13:18:56,112 - INFO - Validation Loss (Epoch 6/200): 0.00049379
2024-07-22 13:18:56,479 - INFO - Model saved at epoch 6 with validation loss 0.00049379
2024-07-22 13:18:57,867 - INFO - Checkpoint saved at epoch 6
2024-07-22 13:41:05,536 - INFO - Training Loss (Epoch 7/200): 0.00053036
2024-07-22 13:42:24,016 - INFO - Validation Loss (Epoch 7/200): 0.00050480
2024-07-22 13:42:24,019 - INFO - No improvement in validation loss since epoch 6
2024-07-22 13:42:25,102 - INFO - Checkpoint saved at epoch 7
2024-07-22 14:04:56,178 - INFO - Training Loss (Epoch 8/200): 0.00047920
2024-07-22 14:06:25,858 - INFO - Validation Loss (Epoch 8/200): 0.00050730
2024-07-22 14:06:25,861 - INFO - No improvement in validation loss since epoch 6
2024-07-22 14:06:26,957 - INFO - Checkpoint saved at epoch 8
2024-07-22 14:25:31,031 - INFO - Training Loss (Epoch 9/200): 0.00044016
2024-07-22 14:27:04,272 - INFO - Validation Loss (Epoch 9/200): 0.00033369
2024-07-22 14:27:04,636 - INFO - Model saved at epoch 9 with validation loss 0.00033369
2024-07-22 14:27:06,150 - INFO - Checkpoint saved at epoch 9
2024-07-22 14:45:10,034 - INFO - Training Loss (Epoch 10/200): 0.00038123
2024-07-22 14:46:31,840 - INFO - Validation Loss (Epoch 10/200): 0.00038746
2024-07-22 14:46:31,842 - INFO - No improvement in validation loss since epoch 9
2024-07-22 14:46:32,937 - INFO - Checkpoint saved at epoch 10
2024-07-22 15:03:06,538 - INFO - Training Loss (Epoch 11/200): 2024.14186155
2024-07-22 15:04:46,499 - INFO - Validation Loss (Epoch 11/200): 994.82884386
2024-07-22 15:04:46,548 - INFO - No improvement in validation loss since epoch 9
2024-07-22 15:04:47,713 - INFO - Checkpoint saved at epoch 11
2024-07-22 15:21:44,149 - INFO - Training Loss (Epoch 12/200): 12.37793332
2024-07-22 15:23:00,560 - INFO - Validation Loss (Epoch 12/200): 0.22491152
2024-07-22 15:23:00,570 - INFO - No improvement in validation loss since epoch 9
2024-07-22 15:23:01,672 - INFO - Checkpoint saved at epoch 12
2024-07-22 15:39:09,195 - INFO - Training Loss (Epoch 13/200): 0.15345163
2024-07-22 15:40:36,018 - INFO - Validation Loss (Epoch 13/200): 0.10768237
2024-07-22 15:40:36,021 - INFO - No improvement in validation loss since epoch 9
2024-07-22 15:40:37,130 - INFO - Checkpoint saved at epoch 13
2024-07-22 15:56:41,226 - INFO - Training Loss (Epoch 14/200): 0.08305668
2024-07-22 15:58:00,659 - INFO - Validation Loss (Epoch 14/200): 0.06538786
2024-07-22 15:58:00,679 - INFO - No improvement in validation loss since epoch 9
2024-07-22 15:58:01,803 - INFO - Checkpoint saved at epoch 14
